app/build/intermediates/manifest_merge_blame_file/debug/manifest-merger-blame-debug-report.txt
1<?xml version="1.0" encoding="utf-8"?>
2<manifest xmlns:android="http://schemas.android.com/apk/res/android"
3    package="com.pixelforge.minecraftserver"
4    android:versionCode="1"
5    android:versionName="1.0" >
6
7    <uses-sdk
8        android:minSdkVersion="21"
8-->src/main/AndroidManifest.xml
9        android:targetSdkVersion="31" />
9-->src/main/AndroidManifest.xml
10
11    <!-- Permissions for internet, storage, wake lock, etc. -->
12    <uses-permission android:name="android.permission.INTERNET" />
12-->src/main/AndroidManifest.xml:4:5-66
12-->src/main/AndroidManifest.xml:4:22-64
13    <uses-permission android:name="android.permission.WRITE_EXTERNAL_STORAGE" />
13-->src/main/AndroidManifest.xml:5:5-80
13-->src/main/AndroidManifest.xml:5:22-78
14    <uses-permission android:name="android.permission.READ_EXTERNAL_STORAGE" />
14-->src/main/AndroidManifest.xml:6:5-79
14-->src/main/AndroidManifest.xml:6:22-77
15    <uses-permission android:name="android.permission.WAKE_LOCK" />
15-->src/main/AndroidManifest.xml:7:5-67
15-->src/main/AndroidManifest.xml:7:22-65
16
17    <application
17-->src/main/AndroidManifest.xml:9:5-46:19
18        android:allowBackup="true"
18-->src/main/AndroidManifest.xml:10:9-35
19        android:appComponentFactory="androidx.core.app.CoreComponentFactory"
19-->[androidx.core:core:1.5.0] AndroidManifest.xml:24:18-86
20        android:debuggable="true"
21        android:icon="@android:drawable/sym_def_app_icon"
21-->src/main/AndroidManifest.xml:12:9-58
22        android:label="PixelForge - Minecraft Server Manager"
22-->src/main/AndroidManifest.xml:11:9-62
23        android:roundIcon="@android:drawable/sym_def_app_icon"
23-->src/main/AndroidManifest.xml:13:9-63
24        android:supportsRtl="true"
24-->src/main/AndroidManifest.xml:14:9-35
25        android:theme="@style/Theme.AppCompat.DayNight.NoActionBar" >
25-->src/main/AndroidManifest.xml:15:9-68
26
27        <!-- Global meta-data -->
28        <meta-data
28-->src/main/AndroidManifest.xml:18:9-20:86
29            android:name="com.pixelforge.copyright"
29-->src/main/AndroidManifest.xml:19:13-52
30            android:value="© 2025 Ishaan Dnyaneshwar Jadhav. All rights reserved." />
30-->src/main/AndroidManifest.xml:20:13-83
31        <meta-data
31-->src/main/AndroidManifest.xml:21:9-23:64
32            android:name="com.pixelforge.owner"
32-->src/main/AndroidManifest.xml:22:13-48
33            android:value="Owner: Ishaan Dnyaneshwar Jadhav" />
33-->src/main/AndroidManifest.xml:23:13-61
34        <meta-data
34-->src/main/AndroidManifest.xml:24:9-26:68
35            android:name="com.pixelforge.developer"
35-->src/main/AndroidManifest.xml:25:13-52
36            android:value="Developer: Ishaan Dnyaneshwar Jadhav" />
36-->src/main/AndroidManifest.xml:26:13-65
37
38        <!-- Activities -->
39        <activity android:name="com.pixelforge.minecraftserver.PlayerManagementActivity" />
39-->src/main/AndroidManifest.xml:29:9-62
39-->src/main/AndroidManifest.xml:29:19-59
40        <activity android:name="com.pixelforge.minecraftserver.PluginManagementActivity" />
40-->src/main/AndroidManifest.xml:30:9-62
40-->src/main/AndroidManifest.xml:30:19-59
41        <activity android:name="com.pixelforge.minecraftserver.ConfigurationActivity" />
41-->src/main/AndroidManifest.xml:31:9-59
41-->src/main/AndroidManifest.xml:31:19-56
42        <activity android:name="com.pixelforge.minecraftserver.FileViewerActivity" />
42-->src/main/AndroidManifest.xml:32:9-56
42-->src/main/AndroidManifest.xml:32:19-53
43        <activity android:name="com.pixelforge.minecraftserver.FileManagerActivity" />
43-->src/main/AndroidManifest.xml:33:9-57
43-->src/main/AndroidManifest.xml:33:19-54
44        <activity android:name="com.pixelforge.minecraftserver.LogActivity" />
44-->src/main/AndroidManifest.xml:34:9-49
44-->src/main/AndroidManifest.xml:34:19-46
45        <activity
45-->src/main/AndroidManifest.xml:36:9-42:20
46            android:name="com.pixelforge.minecraftserver.MainActivity"
46-->src/main/AndroidManifest.xml:36:19-47
47            android:exported="true" > <!-- FIXED: Explicitly declared exported status -->
47-->src/main/AndroidManifest.xml:37:13-36
48            <intent-filter>
48-->src/main/AndroidManifest.xml:38:13-41:29
49                <action android:name="android.intent.action.MAIN" />
49-->src/main/AndroidManifest.xml:39:17-68
49-->src/main/AndroidManifest.xml:39:25-66
50
51                <category android:name="android.intent.category.LAUNCHER" />
51-->src/main/AndroidManifest.xml:40:17-76
51-->src/main/AndroidManifest.xml:40:27-74
52            </intent-filter>
53        </activity>
54
55        <!-- Service -->
56        <service android:name="com.pixelforge.minecraftserver.PlayerNotificationService" />
56-->src/main/AndroidManifest.xml:45:9-62
56-->src/main/AndroidManifest.xml:45:18-59
57    </application>
58
59</manifest>